<?xml version="1.0" encoding="UTF-8"?>
<testsuites name="open_orange_HRM" time="21.333" tests="2" failures="0" errors="0">
   <testsuite name="open_orange_HRM" tests="2" failures="0" errors="0" time="21.333" skipped="0" timestamp="2023-08-24 12:49:01" hostname="apeks - Apeksha_P" id="Test Suites/open_orange_HRM">
      <properties>
         <property name="deviceName" value=""/>
         <property name="devicePlatform" value=""/>
         <property name="logFolder" value="C:\\Users\\apeks\\git\\apeksha_katalon_certification\\Reports\\20230824_124859\\open_orange_HRM\\20230824_124859"/>
         <property name="logFiles" value="C:\\Users\\apeks\\git\\apeksha_katalon_certification\\Reports\\20230824_124859\\open_orange_HRM\\20230824_124859\\execution0.log"/>
         <property name="attachments" value=""/>
         <property name="hostName" value="apeks - Apeksha_P"/>
         <property name="os" value="Windows 10 64bit"/>
         <property name="katalonVersion" value="8.5.2.208"/>
         <property name="browser" value="Firefox 116.0"/>
         <property name="hostAddress" value="192.168.0.107"/>
         <property name="sessionId" value="b905719b-f8e3-4950-8d94-a3817d53f544"/>
         <property name="seleniumVersion" value="3.141.59"/>
         <property name="proxyInformation" value="ProxyInformation { proxyOption=NO_PROXY, proxyServerType=HTTP, username=, password=********, proxyServerAddress=, proxyServerPort=0, executionList=&quot;&quot;, isApplyToDesiredCapabilities=true }"/>
         <property name="platform" value="Windows 10"/>
      </properties>
      <testcase name="Test Cases/sample1" time="7.908" classname="Test Cases/sample1" status="PASSED">
         <system-out><![CDATA[2023-08-24 12:49:02 - [TEST_CASE][PASSED] - Test Cases/sample1: Test Cases/sample1

2023-08-24 12:49:02 - [TEST_STEP][PASSED] - openBrowser("https://www.google.com "): Browser is opened with url: 'https://www.google.com '

2023-08-24 12:49:02 - [MESSAGE][INFO] - Starting 'Firefox' driver

2023-08-24 12:49:03 - [MESSAGE][INFO] - Action delay is set to 0 milliseconds

2023-08-24 12:49:10 - [MESSAGE][PASSED] - Browser is opened with url: 'https://www.google.com ']]></system-out>
         <system-err><![CDATA[]]></system-err>
      </testcase>
      <testcase name="Test Cases/sample2" time="13.126" classname="Test Cases/sample2" status="PASSED">
         <system-out><![CDATA[2023-08-24 12:49:10 - [TEST_CASE][PASSED] - Test Cases/sample2: Test Cases/sample2

2023-08-24 12:49:10 - [TEST_STEP][PASSED] - navigateToUrl("https://www.orangehrm.com/"): Navigate to 'https://www.orangehrm.com/' successfully

2023-08-24 12:49:23 - [MESSAGE][PASSED] - Navigate to 'https://www.orangehrm.com/' successfully]]></system-out>
         <system-err><![CDATA[]]></system-err>
      </testcase>
      <system-out><![CDATA[2023-08-24 12:49:01 - [TEST_SUITE][PASSED] - open_orange_HRM: Test Cases/sample2]]></system-out>
      <system-err><![CDATA[]]></system-err>
   </testsuite>
</testsuites>
